app/build/intermediates/manifest_merge_blame_file/debug/manifest-merger-blame-debug-report.txt
1<?xml version="1.0" encoding="utf-8"?>
2<manifest xmlns:android="http://schemas.android.com/apk/res/android"
3    package="com.example.mediatest"
4    android:versionCode="1"
5    android:versionName="1.0" >
6
7    <uses-sdk
8        android:minSdkVersion="28"
8-->src\main\AndroidManifest.xml
9        android:targetSdkVersion="28" />
9-->src\main\AndroidManifest.xml
10
11    <uses-permission android:name="android.permission.INTERNET" />
11-->src\main\AndroidManifest.xml:6:5-67
11-->src\main\AndroidManifest.xml:6:22-64
12    <uses-permission android:name="android.permission.WAKE_LOCK" />
12-->src\main\AndroidManifest.xml:7:5-68
12-->src\main\AndroidManifest.xml:7:22-65
13    <uses-permission android:name="android.permission.USB_PERMISSION" />
13-->src\main\AndroidManifest.xml:8:5-73
13-->src\main\AndroidManifest.xml:8:22-70
14    <uses-permission android:name="android.permission.MANAGE_USB" />
14-->src\main\AndroidManifest.xml:9:5-11:47
14-->src\main\AndroidManifest.xml:10:9-53
15
16    <uses-feature
16-->src\main\AndroidManifest.xml:13:5-15:35
17        android:name="android.hardware.usb.host"
17-->src\main\AndroidManifest.xml:14:9-49
18        android:required="true" />
18-->src\main\AndroidManifest.xml:15:9-32
19
20    <uses-permission android:name="android.hardware.usb.accessory" />
20-->src\main\AndroidManifest.xml:17:5-70
20-->src\main\AndroidManifest.xml:17:22-67
21    <uses-permission android:name="com.android.launcher.permission.INSTALL_SHORTCUT" />
21-->src\main\AndroidManifest.xml:18:5-88
21-->src\main\AndroidManifest.xml:18:22-85
22    <uses-permission android:name="com.android.launcher.permission.READ_SETTINGS" />
22-->src\main\AndroidManifest.xml:19:5-85
22-->src\main\AndroidManifest.xml:19:22-82
23    <uses-permission android:name="android.permission.READ_EXTERNAL_STORAGE" />
23-->src\main\AndroidManifest.xml:20:5-80
23-->src\main\AndroidManifest.xml:20:22-77
24    <uses-permission android:name="android.permission.WRITE_EXTERNAL_STORAGE" />
24-->src\main\AndroidManifest.xml:21:5-23:40
24-->src\main\AndroidManifest.xml:22:9-65
25
26    <application
26-->src\main\AndroidManifest.xml:25:5-70:19
27        android:allowBackup="true"
27-->src\main\AndroidManifest.xml:26:9-35
28        android:appComponentFactory="androidx.core.app.CoreComponentFactory"
28-->[androidx.core:core:1.3.1] AndroidManifest.xml:24:18-86
29        android:debuggable="true"
30        android:extractNativeLibs="false"
31        android:icon="@mipmap/ic_launcher"
31-->src\main\AndroidManifest.xml:27:9-43
32        android:label="@string/app_name"
32-->src\main\AndroidManifest.xml:28:9-41
33        android:roundIcon="@mipmap/ic_launcher_round"
33-->src\main\AndroidManifest.xml:29:9-54
34        android:supportsRtl="true"
34-->src\main\AndroidManifest.xml:30:9-35
35        android:testOnly="true"
36        android:theme="@style/AppTheme" >
36-->src\main\AndroidManifest.xml:31:9-40
37        <activity
37-->src\main\AndroidManifest.xml:32:9-40:20
38            android:name="com.example.mediatest.MainActivity"
38-->src\main\AndroidManifest.xml:33:13-41
39            android:screenOrientation="landscape" >
39-->src\main\AndroidManifest.xml:34:13-50
40            <intent-filter>
40-->src\main\AndroidManifest.xml:35:13-39:29
41                <action android:name="android.intent.action.MAIN" />
41-->src\main\AndroidManifest.xml:36:17-69
41-->src\main\AndroidManifest.xml:36:25-66
42
43                <category android:name="android.intent.category.LAUNCHER" />
43-->src\main\AndroidManifest.xml:38:17-77
43-->src\main\AndroidManifest.xml:38:27-74
44            </intent-filter>
45        </activity>
46        <activity
46-->src\main\AndroidManifest.xml:41:9-43:53
47            android:name="com.example.mediatest.play.VideoPlayerActivity"
47-->src\main\AndroidManifest.xml:42:13-53
48            android:screenOrientation="landscape" />
48-->src\main\AndroidManifest.xml:43:13-50
49        <activity android:name="com.example.mediatest.base.BaseMediaActivity" />
49-->src\main\AndroidManifest.xml:44:9-60
49-->src\main\AndroidManifest.xml:44:19-57
50        <activity
50-->src\main\AndroidManifest.xml:45:9-47:53
51            android:name="com.example.mediatest.play.MusicPlayerActivity"
51-->src\main\AndroidManifest.xml:46:13-53
52            android:screenOrientation="landscape" />
52-->src\main\AndroidManifest.xml:47:13-50
53
54        <service android:name="com.example.mediatest.service.MediaSessionService" >
54-->src\main\AndroidManifest.xml:49:9-53:19
54-->src\main\AndroidManifest.xml:49:18-61
55            <intent-filter>
55-->src\main\AndroidManifest.xml:50:13-52:29
56                <action android:name="android.media.browse.MediaBrowserService" />
56-->src\main\AndroidManifest.xml:51:17-83
56-->src\main\AndroidManifest.xml:51:25-80
57            </intent-filter>
58        </service>
59
60        <receiver android:name="com.example.mediatest.utils.receiver.USBReceiver" >
60-->src\main\AndroidManifest.xml:54:9-69:20
60-->src\main\AndroidManifest.xml:54:19-61
61            <intent-filter android:priority="200" >
61-->src\main\AndroidManifest.xml:55:13-57:29
61-->src\main\AndroidManifest.xml:55:28-50
62                <action android:name="android.hardware.usb.action.USB_DEVICE_ATTACHED" />
62-->src\main\AndroidManifest.xml:56:17-89
62-->src\main\AndroidManifest.xml:56:25-87
63            </intent-filter>
64            <intent-filter android:priority="200" >
64-->src\main\AndroidManifest.xml:58:13-60:29
64-->src\main\AndroidManifest.xml:58:28-50
65                <action android:name="android.hardware.usb.action.USB_DEVICE_DETACHED" />
65-->src\main\AndroidManifest.xml:59:17-89
65-->src\main\AndroidManifest.xml:59:25-87
66            </intent-filter>
67            <intent-filter>
67-->src\main\AndroidManifest.xml:61:13-64:29
68                <action android:name="android.intent.action.MEDIA_MOUNTED" />
68-->src\main\AndroidManifest.xml:62:17-77
68-->src\main\AndroidManifest.xml:62:25-75
69
70                <data android:scheme="file" />
70-->src\main\AndroidManifest.xml:63:17-46
70-->src\main\AndroidManifest.xml:63:23-44
71            </intent-filter>
72            <intent-filter>
72-->src\main\AndroidManifest.xml:65:13-68:29
73                <action android:name="android.intent.action.MEDIA_EJECT" />
73-->src\main\AndroidManifest.xml:66:17-75
73-->src\main\AndroidManifest.xml:66:25-73
74
75                <data android:scheme="file" />
75-->src\main\AndroidManifest.xml:63:17-46
75-->src\main\AndroidManifest.xml:63:23-44
76            </intent-filter>
77        </receiver>
78
79        <activity
79-->[com.google.android.gms:play-services-base:17.1.0] AndroidManifest.xml:23:9-26:75
80            android:name="com.google.android.gms.common.api.GoogleApiActivity"
80-->[com.google.android.gms:play-services-base:17.1.0] AndroidManifest.xml:24:13-79
81            android:exported="false"
81-->[com.google.android.gms:play-services-base:17.1.0] AndroidManifest.xml:25:13-37
82            android:theme="@android:style/Theme.Translucent.NoTitleBar" />
82-->[com.google.android.gms:play-services-base:17.1.0] AndroidManifest.xml:26:13-72
83
84        <meta-data
84-->[com.google.android.gms:play-services-basement:17.1.0] AndroidManifest.xml:23:9-25:69
85            android:name="com.google.android.gms.version"
85-->[com.google.android.gms:play-services-basement:17.1.0] AndroidManifest.xml:24:13-58
86            android:value="@integer/google_play_services_version" />
86-->[com.google.android.gms:play-services-basement:17.1.0] AndroidManifest.xml:25:13-66
87    </application>
88
89</manifest>